{"level":"fatal","ts":1707643600.64175,"msg":"failed to bind queue","error":"Exception (404) Reason: \"NOT_FOUND - no exchange 'calc' in vhost '/'\""}
{"level":"fatal","ts":1707643640.0818222,"msg":"failed to bind queue","error":"Exception (404) Reason: \"NOT_FOUND - no exchange 'calc' in vhost '/'\""}
{"level":"fatal","ts":1707643684.9881089,"msg":"failed to bind queue","error":"Exception (404) Reason: \"NOT_FOUND - no exchange 'calc' in vhost '/'\""}
{"level":"fatal","ts":1707643961.2385306,"msg":"failed to bind queue","error":"Exception (404) Reason: \"NOT_FOUND - no exchange 'calc' in vhost '/'\""}
{"level":"fatal","ts":1707643987.8382545,"msg":"failed to bind queue","error":"Exception (404) Reason: \"NOT_FOUND - no exchange 'calc' in vhost '/'\""}
{"level":"fatal","ts":1707644020.1382093,"msg":"failed to bind queue","error":"Exception (404) Reason: \"NOT_FOUND - no exchange 'calc' in vhost '/'\""}
{"level":"fatal","ts":1707644214.8382802,"msg":"failed to bind queue","error":"Exception (404) Reason: \"NOT_FOUND - no exchange 'calc' in vhost '/'\""}
{"level":"fatal","ts":1707644340.8785725,"msg":"ExpressionService.start: failed to bind queue","error":"Exception (404) Reason: \"NOT_FOUND - no exchange 'calc' in vhost '/'\""}
{"level":"fatal","ts":1707644490.9486084,"msg":"ExpressionService.start: failed to bind queue","error":"Exception (404) Reason: \"NOT_FOUND - no exchange 'calc' in vhost '/'\""}
{"level":"fatal","ts":1707644499.3379962,"msg":"ExpressionService.start: failed to bind queue","error":"Exception (404) Reason: \"NOT_FOUND - no exchange 'calc' in vhost '/'\""}
{"level":"fatal","ts":1707650398.3545923,"msg":"failed to declare queue","error":"Exception (405) Reason: \"RESOURCE_LOCKED - cannot obtain exclusive access to locked queue 'output' in vhost '/'. It could be originally declared on another connection or the exclusive property value does not match that of the original declaration.\""}
{"level":"fatal","ts":1707650435.4498177,"msg":"failed to declare queue","error":"Exception (405) Reason: \"RESOURCE_LOCKED - cannot obtain exclusive access to locked queue 'output' in vhost '/'. It could be originally declared on another connection or the exclusive property value does not match that of the original declaration.\""}
{"level":"fatal","ts":1707650452.1097457,"msg":"main.failed to declare queue","error":"Exception (405) Reason: \"RESOURCE_LOCKED - cannot obtain exclusive access to locked queue 'output' in vhost '/'. It could be originally declared on another connection or the exclusive property value does not match that of the original declaration.\""}
{"level":"fatal","ts":1707650549.449409,"msg":"main.failed to declare queue","error":"Exception (405) Reason: \"RESOURCE_LOCKED - cannot obtain exclusive access to locked queue 'output' in vhost '/'. It could be originally declared on another connection or the exclusive property value does not match that of the original declaration.\""}
{"level":"info","ts":1707650635.138718,"msg":"Starting server","addr":"0.0.0.0:8050"}
{"level":"info","ts":1707650981.8138187,"msg":"redis.Open: connected to redis","URI":"redis://localhost:6379"}
{"level":"fatal","ts":1707650981.9501033,"msg":"ExpressionController.NewExpressionService: failed to start expression service","error":"Exception (405) Reason: \"RESOURCE_LOCKED - cannot obtain exclusive access to locked queue 'output' in vhost '/'. It could be originally declared on another connection or the exclusive property value does not match that of the original declaration.\""}
{"level":"info","ts":1707651103.1205232,"msg":"redis.Open: connected to redis","URI":"redis://localhost:6379"}
{"level":"fatal","ts":1707651103.2642455,"msg":"ExpressionController.NewExpressionController: failed to start expression service","error":"Exception (405) Reason: \"RESOURCE_LOCKED - cannot obtain exclusive access to locked queue 'result' in vhost '/'. It could be originally declared on another connection or the exclusive property value does not match that of the original declaration.\""}
{"level":"info","ts":1707651127.168247,"msg":"redis.Open: connected to redis","URI":"redis://localhost:6379"}
{"level":"info","ts":1707651127.3015304,"msg":"Starting server","addr":"0.0.0.0:8050"}
{"level":"info","ts":1707651321.4103262,"msg":"redis.Open: connected to redis","URI":"redis://localhost:6379"}
{"level":"info","ts":1707651321.5514507,"msg":"Starting server","addr":"0.0.0.0:8050"}
{"level":"info","ts":1707651326.180344,"msg":"redis.Open: connected to redis","URI":"redis://localhost:6379"}
{"level":"fatal","ts":1707651326.3120756,"msg":"main.failed to declare queue","error":"Exception (405) Reason: \"RESOURCE_LOCKED - cannot obtain exclusive access to locked queue 'result' in vhost '/'. It could be originally declared on another connection or the exclusive property value does not match that of the original declaration.\""}
{"level":"info","ts":1707651534.721031,"msg":"redis.Open: connected to redis","URI":"redis://localhost:6379"}
{"level":"info","ts":1707651564.8581913,"msg":"redis.Open: connected to redis","URI":"redis://localhost:6379"}
{"level":"info","ts":1707651592.831069,"msg":"redis.Open: connected to redis","URI":"redis://localhost:6379"}
{"level":"info","ts":1707651614.4905155,"msg":"redis.Open: connected to redis","URI":"redis://localhost:6379"}
{"level":"info","ts":1707651936.2149856,"msg":"redis.Open: connected to redis","URI":"redis://localhost:6379"}
{"level":"fatal","ts":1707651936.3398242,"msg":"ExpressionService.NewExpressionService: failed to start expression service","error":"Exception (404) Reason: \"NOT_FOUND - no queue 'expression' in vhost '/'\""}
{"level":"info","ts":1707651989.8120415,"msg":"redis.Open: connected to redis","URI":"redis://localhost:6379"}
{"level":"fatal","ts":1707651989.9414861,"msg":"ExpressionService.NewExpressionService: failed to start expression service","error":"Exception (404) Reason: \"NOT_FOUND - no queue 'expression' in vhost '/'\""}
{"level":"info","ts":1707651994.5759754,"msg":"redis.Open: connected to redis","URI":"redis://localhost:6379"}
{"level":"info","ts":1707652776.4478333,"msg":"redis.Open: connected to redis","URI":"redis://localhost:6379"}
{"level":"info","ts":1707652989.2162237,"msg":"redis.Open: connected to redis","URI":"redis://localhost:6379"}
{"level":"info","ts":1707653202.3312385,"msg":"redis.Open: connected to redis","URI":"redis://localhost:6379"}
{"level":"fatal","ts":1707654227.7879705,"msg":"main.failed to declare exchange","error":"Exception (406) Reason: \"PRECONDITION_FAILED - inequivalent arg 'durable' for exchange 'calc' in vhost '/': received 'false' but current is 'true'\""}
{"level":"fatal","ts":1707654503.2370439,"msg":"main.failed to declare exchange","error":"Exception (406) Reason: \"PRECONDITION_FAILED - inequivalent arg 'durable' for exchange 'calc' in vhost '/': received 'false' but current is 'true'\""}
{"level":"fatal","ts":1707655294.1782928,"msg":"main.failed to declare queue","error":"Exception (405) Reason: \"RESOURCE_LOCKED - cannot obtain exclusive access to locked queue 'result' in vhost '/'. It could be originally declared on another connection or the exclusive property value does not match that of the original declaration.\""}
{"level":"info","ts":1707656146.8955574,"msg":"redis.Open: connected to redis","URI":"redis://localhost:6379"}
{"level":"info","ts":1707656225.0850213,"msg":"redis.Open: connected to redis","URI":"redis://localhost:6379"}
{"level":"info","ts":1707656318.1024568,"msg":"redis.Open: connected to redis","URI":"redis://localhost:6379"}
{"level":"info","ts":1707656318.2403932,"msg":"Starting server","addr":"0.0.0.0:8050"}
{"level":"info","ts":1707656345.556447,"msg":"redis.Open: connected to redis","URI":"redis://localhost:6379"}
{"level":"info","ts":1707656361.162394,"msg":"redis.Open: connected to redis","URI":"redis://localhost:6379"}
{"level":"info","ts":1707656364.295275,"msg":"redis.Open: connected to redis","URI":"redis://localhost:6379"}
